2026-06-14 17:03:30,253 - sign_language - INFO - [realtime]📸 Image capture system initialized[/realtime]
2026-06-14 17:03:30,259 - sign_language - INFO - [success]✅ Camera 0 connected successfully[/success]
2026-06-14 17:03:30,262 - sign_language - INFO - [info]Output directory: ./data/test[/info]
2026-06-14 17:04:01,467 - sign_language - INFO - [success]✅ Completed hello: 30/30 images captured[/success]
2026-06-14 17:04:32,053 - sign_language - INFO - [success]✅ Completed iloveyou: 30/30 images captured[/success]
2026-06-14 17:05:02,634 - sign_language - INFO - [success]✅ Completed thankyou: 30/30 images captured[/success]
2026-06-14 17:05:02,706 - sign_language - INFO - [info]Camera released and windows closed[/info]
2026-06-14 17:48:27,473 - sign_language - INFO - [realtime]📸 Image capture system initialized[/realtime]
2026-06-14 17:48:27,477 - sign_language - INFO - [success]✅ Camera 0 connected successfully[/success]
2026-06-14 17:48:27,478 - sign_language - INFO - [info]Output directory: ./data/test[/info]
2026-06-14 17:50:36,711 - sign_language - INFO - [realtime]📸 Image capture system initialized[/realtime]
2026-06-14 17:50:36,715 - sign_language - INFO - [success]✅ Camera 0 connected successfully[/success]
2026-06-14 17:50:36,716 - sign_language - INFO - [info]Output directory: ./data/train/images[/info]
2026-06-14 17:51:07,763 - sign_language - INFO - [success]✅ Completed hello: 30/30 images captured[/success]
2026-06-14 17:51:38,304 - sign_language - INFO - [success]✅ Completed iloveyou: 30/30 images captured[/success]
2026-06-14 17:52:08,864 - sign_language - INFO - [success]✅ Completed thankyou: 30/30 images captured[/success]
2026-06-14 17:52:08,952 - sign_language - INFO - [info]Camera released and windows closed[/info]
2026-06-14 17:52:40,071 - sign_language - INFO - [realtime]📸 Image capture system initialized[/realtime]
2026-06-14 17:52:40,079 - sign_language - INFO - [success]✅ Camera 0 connected successfully[/success]
2026-06-14 17:52:40,081 - sign_language - INFO - [info]Output directory: ./data/test/images[/info]
2026-06-14 17:54:01,957 - sign_language - INFO - [realtime]📸 Image capture system initialized[/realtime]
2026-06-14 17:54:01,960 - sign_language - INFO - [success]✅ Camera 0 connected successfully[/success]
2026-06-14 17:54:01,961 - sign_language - INFO - [info]Output directory: ./data/test/images[/info]
2026-06-14 17:54:12,539 - sign_language - INFO - [success]✅ Completed hello: 10/10 images captured[/success]
2026-06-14 17:54:22,724 - sign_language - INFO - [success]✅ Completed iloveyou: 10/10 images captured[/success]
2026-06-14 17:54:32,903 - sign_language - INFO - [success]✅ Completed thankyou: 10/10 images captured[/success]
2026-06-14 17:54:32,991 - sign_language - INFO - [info]Camera released and windows closed[/info]
